-------------------------------------------------------------------------------
Test set: edu.coursera.parallel.ReciprocalArraySumTest
-------------------------------------------------------------------------------
Tests run: 4, Failures: 4, Errors: 0, Skipped: 0, Time elapsed: 7.419 sec <<< FAILURE! - in edu.coursera.parallel.ReciprocalArraySumTest
testParSimpleOneMillion(edu.coursera.parallel.ReciprocalArraySumTest)  Time elapsed: 0.07 sec  <<< FAILURE!
junit.framework.AssertionFailedError: It was expected that the two-task parallel implementation would run at least 1.500000x faster, but it only achieved 1.000000x speedup
	at junit.framework.Assert.fail(Assert.java:47)
	at junit.framework.Assert.assertTrue(Assert.java:20)
	at edu.coursera.parallel.ReciprocalArraySumTest.testParSimpleOneMillion(ReciprocalArraySumTest.java:120)

testParSimpleOneHundredMillion(edu.coursera.parallel.ReciprocalArraySumTest)  Time elapsed: 3.673 sec  <<< FAILURE!
junit.framework.AssertionFailedError: It was expected that the two-task parallel implementation would run at least 1.500000x faster, but it only achieved 1.000000x speedup
	at junit.framework.Assert.fail(Assert.java:47)
	at junit.framework.Assert.assertTrue(Assert.java:20)
	at edu.coursera.parallel.ReciprocalArraySumTest.testParSimpleOneHundredMillion(ReciprocalArraySumTest.java:131)

testParManyTaskOneMillion(edu.coursera.parallel.ReciprocalArraySumTest)  Time elapsed: 0.042 sec  <<< FAILURE!
junit.framework.AssertionFailedError: It was expected that the many-task parallel implementation would run at least 4.800000x faster, but it only achieved 1.000000x speedup
	at junit.framework.Assert.fail(Assert.java:47)
	at junit.framework.Assert.assertTrue(Assert.java:20)
	at edu.coursera.parallel.ReciprocalArraySumTest.testParManyTaskOneMillion(ReciprocalArraySumTest.java:143)

testParManyTaskOneHundredMillion(edu.coursera.parallel.ReciprocalArraySumTest)  Time elapsed: 3.633 sec  <<< FAILURE!
junit.framework.AssertionFailedError: It was expected that the many-task parallel implementation would run at least 6.400000x faster, but it only achieved 0.990741x speedup
	at junit.framework.Assert.fail(Assert.java:47)
	at junit.framework.Assert.assertTrue(Assert.java:20)
	at edu.coursera.parallel.ReciprocalArraySumTest.testParManyTaskOneHundredMillion(ReciprocalArraySumTest.java:155)

